<?xml version="1.0" encoding="UTF-8"?>
<testsuite name="GameTest" tests="1" skipped="0" failures="0" errors="0" timestamp="2018-05-05T13:11:21" hostname="Yomz-PC" time="0.003">
  <properties/>
  <testcase name="select_selectAWord_string" classname="GameTest" time="0.003"/>
  <system-out><![CDATA[]]></system-out>
  <system-err><![CDATA[]]></system-err>
</testsuite>
